00:18:17 **** Incremental Build of configuration Debug for project SensorSound ****
make -j4 all 
arm-none-eabi-g++ -o "SensorSound.elf" @"objects.list"  -llibST7735_Driver.a -mcpu=cortex-m4 -T"/home/jose/STM32CubeIDE/workspace_1.0.1/SensorSound/STM32F407VGTX_FLASH.ld" --specs=nosys.specs -Wl,-Map="SensorSound.map" -Wl,--gc-sections -static -L"/home/jose/STM32CubeIDE/workspace_1.0.1/SensorSound/Src" --specs=nano.specs -mfpu=fpv4-sp-d16 -mfloat-abi=hard -mthumb -Wl,--start-group -lc -lm -lstdc++ -lsupc++ -Wl,--end-group
/opt/st/stm32cubeide_1.0.1/plugins/com.st.stm32cube.ide.mcu.externaltools.gnu-tools-for-stm32.7-2018-q2-update.linux64_1.0.0.201904181610/tools/bin/../lib/gcc/arm-none-eabi/7.3.1/../../../../arm-none-eabi/bin/ld: cannot find -llibST7735_Driver.a
collect2: error: ld returned 1 exit status
make: *** [makefile:62: SensorSound.elf] Error 1
"make -j4 all" terminated with exit code 2. Build might be incomplete.

00:18:17 Build Failed. 1 errors, 0 warnings. (took 125ms)

